Build started 5/5/2016 6:54:46 PM.
     1>Project "C:\Users\Vincent\Documents\CrabtreeVincent_FinalProject.c\CrabtreeVincent_FinalProject.c\CrabtreeVincent_FinalProject.c.vcxproj" on node 2 (build target(s)).
     1>InitializeBuildStatus:
         Creating "Debug\CrabtreeVincent_FinalProject.c.unsuccessfulbuild" because "AlwaysCreate" was specified.
       ClCompile:
         C:\Program Files (x86)\Microsoft Visual Studio 10.0\VC\bin\CL.exe /c /ZI /nologo /W3 /WX- /Od /Oy- /D WIN32 /D _DEBUG /D _CONSOLE /D _UNICODE /D UNICODE /Gm /EHsc /RTC1 /MDd /GS /fp:precise /Zc:wchar_t /Zc:forScope /Fo"Debug\\" /Fd"Debug\vc100.pdb" /Gd /TC /analyze- /errorReport:prompt prj1.c
         prj1.c
     1>c:\users\vincent\documents\crabtreevincent_finalproject.c\crabtreevincent_finalproject.c\prj1.c(253): warning C4101: 'x' : unreferenced local variable
       ManifestResourceCompile:
         All outputs are up-to-date.
       Link:
         C:\Program Files (x86)\Microsoft Visual Studio 10.0\VC\bin\link.exe /ERRORREPORT:PROMPT /OUT:"C:\Users\Vincent\Documents\CrabtreeVincent_FinalProject.c\Debug\CrabtreeVincent_FinalProject.c.exe" /INCREMENTAL /NOLOGO kernel32.lib user32.lib gdi32.lib winspool.lib comdlg32.lib advapi32.lib shell32.lib ole32.lib oleaut32.lib uuid.lib odbc32.lib odbccp32.lib /MANIFEST /ManifestFile:"Debug\CrabtreeVincent_FinalProject.c.exe.intermediate.manifest" /MANIFESTUAC:"level='asInvoker' uiAccess='false'" /DEBUG /PDB:"C:\Users\Vincent\Documents\CrabtreeVincent_FinalProject.c\Debug\CrabtreeVincent_FinalProject.c.pdb" /SUBSYSTEM:CONSOLE /TLBID:1 /DYNAMICBASE /NXCOMPAT /IMPLIB:"C:\Users\Vincent\Documents\CrabtreeVincent_FinalProject.c\Debug\CrabtreeVincent_FinalProject.c.lib" /MACHINE:X86 Debug\CrabtreeVincent_FinalProject.c.exe.embed.manifest.res
         Debug\library.obj
         Debug\prj1.obj
         Debug\proj_main.obj
       Manifest:
         C:\Program Files (x86)\Microsoft SDKs\Windows\v7.0A\bin\mt.exe /nologo /verbose /out:"Debug\CrabtreeVincent_FinalProject.c.exe.embed.manifest" /manifest Debug\CrabtreeVincent_FinalProject.c.exe.intermediate.manifest
         All outputs are up-to-date.
       LinkEmbedManifest:
         All outputs are up-to-date.
         CrabtreeVincent_FinalProject.c.vcxproj -> C:\Users\Vincent\Documents\CrabtreeVincent_FinalProject.c\Debug\CrabtreeVincent_FinalProject.c.exe
       FinalizeBuildStatus:
         Deleting file "Debug\CrabtreeVincent_FinalProject.c.unsuccessfulbuild".
         Touching "Debug\CrabtreeVincent_FinalProject.c.lastbuildstate".
     1>Done Building Project "C:\Users\Vincent\Documents\CrabtreeVincent_FinalProject.c\CrabtreeVincent_FinalProject.c\CrabtreeVincent_FinalProject.c.vcxproj" (build target(s)).

Build succeeded.

Time Elapsed 00:00:02.75
